This file contains any messages produced by compilers while
running configure, to aid debugging if configure makes a mistake.

It was created by tacc_stats configure 2.3.0, which was
generated by GNU Autoconf 2.69.  Invocation command line was

  $ ./configure 

## --------- ##
## Platform. ##
## --------- ##

hostname = c567-144.stampede.tacc.utexas.edu
uname -m = x86_64
uname -r = 3.10.0-327.13.1.el7.xppsl_1.3.3.151.x86_64
uname -s = Linux
uname -v = #1 SMP Fri Jun 10 15:04:35 UTC 2016

/usr/bin/uname -p = x86_64
/bin/uname -X     = unknown

/bin/arch              = x86_64
/usr/bin/arch -k       = unknown
/usr/convex/getsysinfo = unknown
/usr/bin/hostinfo      = unknown
/bin/machine           = unknown
/usr/bin/oslevel       = unknown
/bin/universe          = unknown

PATH: /opt/tacc/bin
PATH: /usr/lib64/qt-3.3/bin
PATH: /sbin
PATH: /usr/local/sbin
PATH: /usr/local/bin
PATH: /usr/sbin
PATH: /usr/bin
PATH: /root/bin


## ----------- ##
## Core tests. ##
## ----------- ##

configure:2148: checking for a BSD-compatible install
configure:2216: result: /usr/bin/install -c
configure:2227: checking whether build environment is sane
configure:2282: result: yes
configure:2433: checking for a thread-safe mkdir -p
configure:2472: result: /usr/bin/mkdir -p
configure:2479: checking for gawk
configure:2495: found /usr/bin/gawk
configure:2506: result: gawk
configure:2517: checking whether make sets $(MAKE)
configure:2539: result: yes
configure:2568: checking whether make supports nested variables
configure:2585: result: yes
configure:2717: checking for gcc
configure:2733: found /usr/bin/gcc
configure:2744: result: gcc
configure:2973: checking for C compiler version
configure:2982: gcc --version >&5
gcc (GCC) 4.8.5 20150623 (Red Hat 4.8.5-4)
Copyright (C) 2015 Free Software Foundation, Inc.
This is free software; see the source for copying conditions.  There is NO
warranty; not even for MERCHANTABILITY or FITNESS FOR A PARTICULAR PURPOSE.

configure:2993: $? = 0
configure:2982: gcc -v >&5
Using built-in specs.
COLLECT_GCC=gcc
COLLECT_LTO_WRAPPER=/usr/libexec/gcc/x86_64-redhat-linux/4.8.5/lto-wrapper
Target: x86_64-redhat-linux
Configured with: ../configure --prefix=/usr --mandir=/usr/share/man --infodir=/usr/share/info --with-bugurl=http://bugzilla.redhat.com/bugzilla --enable-bootstrap --enable-shared --enable-threads=posix --enable-checking=release --with-system-zlib --enable-__cxa_atexit --disable-libunwind-exceptions --enable-gnu-unique-object --enable-linker-build-id --with-linker-hash-style=gnu --enable-languages=c,c++,objc,obj-c++,java,fortran,ada,go,lto --enable-plugin --enable-initfini-array --disable-libgcj --with-isl=/builddir/build/BUILD/gcc-4.8.5-20150702/obj-x86_64-redhat-linux/isl-install --with-cloog=/builddir/build/BUILD/gcc-4.8.5-20150702/obj-x86_64-redhat-linux/cloog-install --enable-gnu-indirect-function --with-tune=generic --with-arch_32=x86-64 --build=x86_64-redhat-linux
Thread model: posix
gcc version 4.8.5 20150623 (Red Hat 4.8.5-4) (GCC) 
configure:2993: $? = 0
configure:2982: gcc -V >&5
gcc: error: unrecognized command line option '-V'
gcc: fatal error: no input files
compilation terminated.
configure:2993: $? = 4
configure:2982: gcc -qversion >&5
gcc: error: unrecognized command line option '-qversion'
gcc: fatal error: no input files
compilation terminated.
configure:2993: $? = 4
configure:3013: checking whether the C compiler works
configure:3035: gcc    conftest.c  >&5
configure:3039: $? = 0
configure:3087: result: yes
configure:3090: checking for C compiler default output file name
configure:3092: result: a.out
configure:3098: checking for suffix of executables
configure:3105: gcc -o conftest    conftest.c  >&5
configure:3109: $? = 0
configure:3131: result: 
configure:3153: checking whether we are cross compiling
configure:3161: gcc -o conftest    conftest.c  >&5
configure:3165: $? = 0
configure:3172: ./conftest
configure:3176: $? = 0
configure:3191: result: no
configure:3196: checking for suffix of object files
configure:3218: gcc -c   conftest.c >&5
configure:3222: $? = 0
configure:3243: result: o
configure:3247: checking whether we are using the GNU C compiler
configure:3266: gcc -c   conftest.c >&5
configure:3266: $? = 0
configure:3275: result: yes
configure:3284: checking whether gcc accepts -g
configure:3304: gcc -c -g  conftest.c >&5
configure:3304: $? = 0
configure:3345: result: yes
configure:3362: checking for gcc option to accept ISO C89
configure:3425: gcc  -c -g -O2  conftest.c >&5
configure:3425: $? = 0
configure:3438: result: none needed
configure:3469: checking for style of include used by make
configure:3497: result: GNU
configure:3523: checking dependency style of gcc
configure:3634: result: gcc3
configure:3650: checking whether gcc and cc understand -c and -o together
configure:3681: gcc -c conftest.c -o conftest2.o >&5
configure:3685: $? = 0
configure:3691: gcc -c conftest.c -o conftest2.o >&5
configure:3695: $? = 0
configure:3706: cc -c conftest.c >&5
configure:3710: $? = 0
configure:3718: cc -c conftest.c -o conftest2.o >&5
configure:3722: $? = 0
configure:3728: cc -c conftest.c -o conftest2.o >&5
configure:3732: $? = 0
configure:3750: result: yes
configure:3802: checking how to run the C preprocessor
configure:3833: gcc -E  conftest.c
configure:3833: $? = 0
configure:3847: gcc -E  conftest.c
conftest.c:11:28: fatal error: ac_nonexistent.h: No such file or directory
 #include <ac_nonexistent.h>
                            ^
compilation terminated.
configure:3847: $? = 1
configure: failed program was:
| /* confdefs.h */
| #define PACKAGE_NAME "tacc_stats"
| #define PACKAGE_TARNAME "tacc_stats"
| #define PACKAGE_VERSION "2.3.0"
| #define PACKAGE_STRING "tacc_stats 2.3.0"
| #define PACKAGE_BUGREPORT "rtevans@tacc.utexas.edu"
| #define PACKAGE_URL ""
| #define PACKAGE "tacc_stats"
| #define VERSION "2.3.0"
| /* end confdefs.h.  */
| #include <ac_nonexistent.h>
configure:3872: result: gcc -E
configure:3892: gcc -E  conftest.c
configure:3892: $? = 0
configure:3906: gcc -E  conftest.c
conftest.c:11:28: fatal error: ac_nonexistent.h: No such file or directory
 #include <ac_nonexistent.h>
                            ^
compilation terminated.
configure:3906: $? = 1
configure: failed program was:
| /* confdefs.h */
| #define PACKAGE_NAME "tacc_stats"
| #define PACKAGE_TARNAME "tacc_stats"
| #define PACKAGE_VERSION "2.3.0"
| #define PACKAGE_STRING "tacc_stats 2.3.0"
| #define PACKAGE_BUGREPORT "rtevans@tacc.utexas.edu"
| #define PACKAGE_URL ""
| #define PACKAGE "tacc_stats"
| #define VERSION "2.3.0"
| /* end confdefs.h.  */
| #include <ac_nonexistent.h>
configure:3935: checking for grep that handles long lines and -e
configure:3993: result: /usr/bin/grep
configure:3998: checking for egrep
configure:4060: result: /usr/bin/grep -E
configure:4065: checking for ANSI C header files
configure:4085: gcc -c -g -O2  conftest.c >&5
configure:4085: $? = 0
configure:4158: gcc -o conftest -g -O2   conftest.c  >&5
configure:4158: $? = 0
configure:4158: ./conftest
configure:4158: $? = 0
configure:4169: result: yes
configure:4182: checking for sys/types.h
configure:4182: gcc -c -g -O2  conftest.c >&5
configure:4182: $? = 0
configure:4182: result: yes
configure:4182: checking for sys/stat.h
configure:4182: gcc -c -g -O2  conftest.c >&5
configure:4182: $? = 0
configure:4182: result: yes
configure:4182: checking for stdlib.h
configure:4182: gcc -c -g -O2  conftest.c >&5
configure:4182: $? = 0
configure:4182: result: yes
configure:4182: checking for string.h
configure:4182: gcc -c -g -O2  conftest.c >&5
configure:4182: $? = 0
configure:4182: result: yes
configure:4182: checking for memory.h
configure:4182: gcc -c -g -O2  conftest.c >&5
configure:4182: $? = 0
configure:4182: result: yes
configure:4182: checking for strings.h
configure:4182: gcc -c -g -O2  conftest.c >&5
configure:4182: $? = 0
configure:4182: result: yes
configure:4182: checking for inttypes.h
configure:4182: gcc -c -g -O2  conftest.c >&5
configure:4182: $? = 0
configure:4182: result: yes
configure:4182: checking for stdint.h
configure:4182: gcc -c -g -O2  conftest.c >&5
configure:4182: $? = 0
configure:4182: result: yes
configure:4182: checking for unistd.h
configure:4182: gcc -c -g -O2  conftest.c >&5
configure:4182: $? = 0
configure:4182: result: yes
configure:4277: checking for library containing mad_rpc_open_port
configure:4308: gcc -o conftest -g -O2   conftest.c  >&5
/tmp/ccVuf0zk.o: In function `main':
/root/tacc_stats/monitor/conftest.c:32: undefined reference to `mad_rpc_open_port'
collect2: error: ld returned 1 exit status
configure:4308: $? = 1
configure: failed program was:
| /* confdefs.h */
| #define PACKAGE_NAME "tacc_stats"
| #define PACKAGE_TARNAME "tacc_stats"
| #define PACKAGE_VERSION "2.3.0"
| #define PACKAGE_STRING "tacc_stats 2.3.0"
| #define PACKAGE_BUGREPORT "rtevans@tacc.utexas.edu"
| #define PACKAGE_URL ""
| #define PACKAGE "tacc_stats"
| #define VERSION "2.3.0"
| #define STDC_HEADERS 1
| #define HAVE_SYS_TYPES_H 1
| #define HAVE_SYS_STAT_H 1
| #define HAVE_STDLIB_H 1
| #define HAVE_STRING_H 1
| #define HAVE_MEMORY_H 1
| #define HAVE_STRINGS_H 1
| #define HAVE_INTTYPES_H 1
| #define HAVE_STDINT_H 1
| #define HAVE_UNISTD_H 1
| /* end confdefs.h.  */
| 
| /* Override any GCC internal prototype to avoid an error.
|    Use char because int might match the return type of a GCC
|    builtin and then its argument prototype would still apply.  */
| #ifdef __cplusplus
| extern "C"
| #endif
| char mad_rpc_open_port ();
| int
| main ()
| {
| return mad_rpc_open_port ();
|   ;
|   return 0;
| }
configure:4308: gcc -o conftest -g -O2   conftest.c -libmad   >&5
configure:4308: $? = 0
configure:4325: result: -libmad
configure:4339: checking infiniband/umad.h usability
configure:4339: gcc -c -g -O2  conftest.c >&5
configure:4339: $? = 0
configure:4339: result: yes
configure:4339: checking infiniband/umad.h presence
configure:4339: gcc -E  conftest.c
configure:4339: $? = 0
configure:4339: result: yes
configure:4339: checking for infiniband/umad.h
configure:4339: result: yes
configure:4339: checking infiniband/mad.h usability
configure:4339: gcc -c -g -O2  conftest.c >&5
configure:4339: $? = 0
configure:4339: result: yes
configure:4339: checking infiniband/mad.h presence
configure:4339: gcc -E  conftest.c
configure:4339: $? = 0
configure:4339: result: yes
configure:4339: checking for infiniband/mad.h
configure:4339: result: yes
configure:4812: checking that generated files are newer than configure
configure:4818: result: done
configure:4869: creating ./config.status

## ---------------------- ##
## Running config.status. ##
## ---------------------- ##

This file was extended by tacc_stats config.status 2.3.0, which was
generated by GNU Autoconf 2.69.  Invocation command line was

  CONFIG_FILES    = 
  CONFIG_HEADERS  = 
  CONFIG_LINKS    = 
  CONFIG_COMMANDS = 
  $ ./config.status 

on c567-144.stampede.tacc.utexas.edu

config.status:792: creating Makefile
config.status:792: creating src/Makefile
config.status:964: executing depfiles commands

## ---------------- ##
## Cache variables. ##
## ---------------- ##

ac_cv_c_compiler_gnu=yes
ac_cv_env_CC_set=
ac_cv_env_CC_value=
ac_cv_env_CFLAGS_set=
ac_cv_env_CFLAGS_value=
ac_cv_env_CPPFLAGS_set=
ac_cv_env_CPPFLAGS_value=
ac_cv_env_CPP_set=
ac_cv_env_CPP_value=
ac_cv_env_LDFLAGS_set=
ac_cv_env_LDFLAGS_value=
ac_cv_env_LIBS_set=
ac_cv_env_LIBS_value=
ac_cv_env_build_alias_set=
ac_cv_env_build_alias_value=
ac_cv_env_host_alias_set=
ac_cv_env_host_alias_value=
ac_cv_env_target_alias_set=
ac_cv_env_target_alias_value=
ac_cv_header_infiniband_mad_h=yes
ac_cv_header_infiniband_umad_h=yes
ac_cv_header_inttypes_h=yes
ac_cv_header_memory_h=yes
ac_cv_header_stdc=yes
ac_cv_header_stdint_h=yes
ac_cv_header_stdlib_h=yes
ac_cv_header_string_h=yes
ac_cv_header_strings_h=yes
ac_cv_header_sys_stat_h=yes
ac_cv_header_sys_types_h=yes
ac_cv_header_unistd_h=yes
ac_cv_objext=o
ac_cv_path_EGREP='/usr/bin/grep -E'
ac_cv_path_GREP=/usr/bin/grep
ac_cv_path_install='/usr/bin/install -c'
ac_cv_path_mkdir=/usr/bin/mkdir
ac_cv_prog_AWK=gawk
ac_cv_prog_CPP='gcc -E'
ac_cv_prog_ac_ct_CC=gcc
ac_cv_prog_cc_c89=
ac_cv_prog_cc_g=yes
ac_cv_prog_cc_gcc_c_o=yes
ac_cv_prog_make_make_set=yes
ac_cv_search_mad_rpc_open_port=-libmad
am_cv_CC_dependencies_compiler_type=gcc3
am_cv_make_support_nested_variables=yes

## ----------------- ##
## Output variables. ##
## ----------------- ##

ACLOCAL='${SHELL} /root/tacc_stats/monitor/missing aclocal-1.13'
AMDEPBACKSLASH='\'
AMDEP_FALSE='#'
AMDEP_TRUE=''
AMTAR='$${TAR-tar}'
AM_BACKSLASH='\'
AM_DEFAULT_V='$(AM_DEFAULT_VERBOSITY)'
AM_DEFAULT_VERBOSITY='1'
AM_V='$(V)'
AUTOCONF='${SHELL} /root/tacc_stats/monitor/missing autoconf'
AUTOHEADER='${SHELL} /root/tacc_stats/monitor/missing autoheader'
AUTOMAKE='${SHELL} /root/tacc_stats/monitor/missing automake-1.13'
AWK='gawk'
CC='gcc'
CCDEPMODE='depmode=gcc3'
CFLAGS='-g -O2'
CPP='gcc -E'
CPPFLAGS=''
CYGPATH_W='echo'
DEBUG_FALSE=''
DEBUG_TRUE='#'
DEFS='-DPACKAGE_NAME=\"tacc_stats\" -DPACKAGE_TARNAME=\"tacc_stats\" -DPACKAGE_VERSION=\"2.3.0\" -DPACKAGE_STRING=\"tacc_stats\ 2.3.0\" -DPACKAGE_BUGREPORT=\"rtevans@tacc.utexas.edu\" -DPACKAGE_URL=\"\" -DPACKAGE=\"tacc_stats\" -DVERSION=\"2.3.0\" -DSTDC_HEADERS=1 -DHAVE_SYS_TYPES_H=1 -DHAVE_SYS_STAT_H=1 -DHAVE_STDLIB_H=1 -DHAVE_STRING_H=1 -DHAVE_MEMORY_H=1 -DHAVE_STRINGS_H=1 -DHAVE_INTTYPES_H=1 -DHAVE_STDINT_H=1 -DHAVE_UNISTD_H=1 -DHAVE_INFINIBAND_UMAD_H=1 -DHAVE_INFINIBAND_MAD_H=1'
DEPDIR='.deps'
ECHO_C=''
ECHO_N='-n'
ECHO_T=''
EGREP='/usr/bin/grep -E'
EXEEXT=''
GREP='/usr/bin/grep'
HARDWARE_FALSE='#'
HARDWARE_TRUE=''
INFINIBAND_FALSE='#'
INFINIBAND_TRUE=''
INSTALL_DATA='${INSTALL} -m 644'
INSTALL_PROGRAM='${INSTALL}'
INSTALL_SCRIPT='${INSTALL}'
INSTALL_STRIP_PROGRAM='$(install_sh) -c -s'
LDFLAGS=''
LIBOBJS=''
LIBS='-libmad '
LTLIBOBJS=''
LUSTRE_FALSE='#'
LUSTRE_TRUE=''
MAKEINFO='${SHELL} /root/tacc_stats/monitor/missing makeinfo'
MIC_FALSE=''
MIC_TRUE='#'
MKDIR_P='/usr/bin/mkdir -p'
OBJEXT='o'
OPA_FALSE=''
OPA_TRUE='#'
PACKAGE='tacc_stats'
PACKAGE_BUGREPORT='rtevans@tacc.utexas.edu'
PACKAGE_NAME='tacc_stats'
PACKAGE_STRING='tacc_stats 2.3.0'
PACKAGE_TARNAME='tacc_stats'
PACKAGE_URL=''
PACKAGE_VERSION='2.3.0'
PATH_SEPARATOR=':'
RABBITMQ_FALSE=''
RABBITMQ_TRUE='#'
SET_MAKE=''
SHELL='/bin/sh'
STRIP=''
VERSION='2.3.0'
ac_ct_CC='gcc'
am__EXEEXT_FALSE=''
am__EXEEXT_TRUE='#'
am__fastdepCC_FALSE='#'
am__fastdepCC_TRUE=''
am__include='include'
am__isrc=''
am__leading_dot='.'
am__nodep='_no'
am__quote=''
am__tar='$${TAR-tar} chof - "$$tardir"'
am__untar='$${TAR-tar} xf -'
bindir='${exec_prefix}/bin'
build_alias=''
datadir='${datarootdir}'
datarootdir='${prefix}/share'
docdir='${datarootdir}/doc/${PACKAGE_TARNAME}'
dvidir='${docdir}'
exec_prefix='${prefix}'
host_alias=''
htmldir='${docdir}'
includedir='${prefix}/include'
infodir='${datarootdir}/info'
install_sh='${SHELL} /root/tacc_stats/monitor/install-sh'
libdir='${exec_prefix}/lib'
libexecdir='${exec_prefix}/libexec'
localedir='${datarootdir}/locale'
localstatedir='${prefix}/var'
mandir='${datarootdir}/man'
mkdir_p='$(MKDIR_P)'
oldincludedir='/usr/include'
pdfdir='${docdir}'
prefix='/usr/local'
program_transform_name='s,x,x,'
psdir='${docdir}'
sbindir='${exec_prefix}/sbin'
sharedstatedir='${prefix}/com'
sysconfdir='${prefix}/etc'
target_alias=''

## ----------- ##
## confdefs.h. ##
## ----------- ##

/* confdefs.h */
#define PACKAGE_NAME "tacc_stats"
#define PACKAGE_TARNAME "tacc_stats"
#define PACKAGE_VERSION "2.3.0"
#define PACKAGE_STRING "tacc_stats 2.3.0"
#define PACKAGE_BUGREPORT "rtevans@tacc.utexas.edu"
#define PACKAGE_URL ""
#define PACKAGE "tacc_stats"
#define VERSION "2.3.0"
#define STDC_HEADERS 1
#define HAVE_SYS_TYPES_H 1
#define HAVE_SYS_STAT_H 1
#define HAVE_STDLIB_H 1
#define HAVE_STRING_H 1
#define HAVE_MEMORY_H 1
#define HAVE_STRINGS_H 1
#define HAVE_INTTYPES_H 1
#define HAVE_STDINT_H 1
#define HAVE_UNISTD_H 1
#define HAVE_INFINIBAND_UMAD_H 1
#define HAVE_INFINIBAND_MAD_H 1

configure: exit 0
